This file contains any messages produced by compilers while
running configure, to aid debugging if configure makes a mistake.

It was created by BBDB configure 2.35, which was
generated by GNU Autoconf 2.59.  Invocation command line was

  $ ./configure 

## --------- ##
## Platform. ##
## --------- ##

hostname = cephas
uname -m = i686
uname -r = 2.6.15-1.2054_FC5smp
uname -s = Linux
uname -v = #1 SMP Tue Mar 14 16:05:46 EST 2006

/usr/bin/uname -p = unknown
/bin/uname -X     = unknown

/bin/arch              = i686
/usr/bin/arch -k       = unknown
/usr/convex/getsysinfo = unknown
hostinfo               = unknown
/bin/machine           = unknown
/usr/bin/oslevel       = unknown
/bin/universe          = unknown

PATH: /usr/kerberos/bin
PATH: /usr/local/bin
PATH: /bin
PATH: /usr/bin
PATH: /home/saint/bin


## ----------- ##
## Core tests. ##
## ----------- ##

configure:1275: checking whether make sets $(MAKE)
configure:1295: result: yes
configure:1342: checking for a BSD-compatible install
configure:1397: result: /usr/bin/install -c
configure:1408: checking whether ln -s works
configure:1412: result: yes
configure:1421: checking for rm
configure:1439: found /bin/rm
configure:1452: result: /bin/rm
configure:1461: checking for grep
configure:1479: found /bin/grep
configure:1492: result: /bin/grep
configure:1500: checking for my keys
configure:1502: result: not found
configure:1510: checking for gtar
configure:1526: found /bin/gtar
configure:1536: result: gtar
configure:1568: checking for gzip
configure:1584: found /bin/gzip
configure:1594: result: gzip
configure:1619: checking for makeinfo
configure:1635: found /usr/bin/makeinfo
configure:1645: result: makeinfo
configure:1660: checking for texi2dvi
configure:1676: found /usr/bin/texi2dvi
configure:1686: result: texi2dvi
configure:1701: checking for etags
configure:1717: found /usr/bin/etags
configure:1727: result: etags
configure:1750: checking for emacs
configure:1766: found /usr/bin/emacs
configure:1776: result: emacs
configure:2069: creating ./config.status

## ---------------------- ##
## Running config.status. ##
## ---------------------- ##

This file was extended by BBDB config.status 2.35, which was
generated by GNU Autoconf 2.59.  Invocation command line was

  CONFIG_FILES    = 
  CONFIG_HEADERS  = 
  CONFIG_LINKS    = 
  CONFIG_COMMANDS = 
  $ ./config.status 

on cephas

config.status:660: creating Makefile
config.status:660: creating lisp/Makefile
config.status:660: creating texinfo/Makefile
config.status:660: creating tex/Makefile
config.status:660: creating utils/Makefile

## ---------------- ##
## Cache variables. ##
## ---------------- ##

ac_cv_env_build_alias_set=
ac_cv_env_build_alias_value=
ac_cv_env_host_alias_set=
ac_cv_env_host_alias_value=
ac_cv_env_target_alias_set=
ac_cv_env_target_alias_value=
ac_cv_path_GREP=/bin/grep
ac_cv_path_RM=/bin/rm
ac_cv_path_install='/usr/bin/install -c'
ac_cv_prog_COMPRESS=gzip
ac_cv_prog_EMACS_PROG=emacs
ac_cv_prog_ETAGS=etags
ac_cv_prog_MAKEINFO=makeinfo
ac_cv_prog_TAR=gtar
ac_cv_prog_TEXI2DVI=texi2dvi
ac_cv_prog_make_make_set=yes

## ----------------- ##
## Output variables. ##
## ----------------- ##

BBDB_GNUS='gnus'
BBDB_MHE=''
BBDB_RMAIL=''
BBDB_VM=''
COMPEXT='gz'
COMPRESS='gzip --verbose --best'
DEFS='-DPACKAGE_NAME=\"BBDB\" -DPACKAGE_TARNAME=\"bbdb\" -DPACKAGE_VERSION=\"2.35\" -DPACKAGE_STRING=\"BBDB\ 2.35\" -DPACKAGE_BUGREPORT=\"bbdb-info@lists.sourceforge.net\" '
ECHO_C=''
ECHO_N='-n'
ECHO_T=''
EMACS_PROG='emacs'
ETAGS='etags'
GNUSDIR=''
GREP='/bin/grep'
GREPCONTEXT='-C5'
INSTALL_DATA='${INSTALL} -m 644'
INSTALL_PROGRAM='${INSTALL}'
INSTALL_SCRIPT='${INSTALL}'
LIBOBJS=''
LIBS=''
LINKPATH=''
LN_S='ln -s'
LTLIBOBJS=''
MAKEINFO='makeinfo'
MHEDIR=''
OTHERDIRS=''
PACKAGEDIR='/usr/lib/xemacs/site-packages'
PACKAGE_BUGREPORT='bbdb-info@lists.sourceforge.net'
PACKAGE_NAME='BBDB'
PACKAGE_STRING='BBDB 2.35'
PACKAGE_TARNAME='bbdb'
PACKAGE_VERSION='2.35'
PATH_SEPARATOR=':'
RM='/bin/rm -f'
SET_MAKE=''
SHELL='/bin/sh'
SYMLINKS='no'
TAR='gtar'
TEXI2DVI='texi2dvi'
VMDIR=''
bindir='${exec_prefix}/bin'
build_alias=''
datadir='${prefix}/share'
exec_prefix='${prefix}'
host_alias=''
includedir='${prefix}/include'
infodir='${prefix}/info'
libdir='${exec_prefix}/lib'
libexecdir='${exec_prefix}/libexec'
localstatedir='${prefix}/var'
mandir='${prefix}/man'
oldincludedir='/usr/include'
prefix='/usr/local'
program_transform_name='s,x,x,'
sbindir='${exec_prefix}/sbin'
sharedstatedir='${prefix}/com'
sysconfdir='${prefix}/etc'
target_alias=''

## ----------- ##
## confdefs.h. ##
## ----------- ##

#define PACKAGE_BUGREPORT "bbdb-info@lists.sourceforge.net"
#define PACKAGE_NAME "BBDB"
#define PACKAGE_STRING "BBDB 2.35"
#define PACKAGE_TARNAME "bbdb"
#define PACKAGE_VERSION "2.35"

configure: exit 0
